<?xml version="1.0" encoding="UTF-8"?>
<!-- Generated by org.testng.reporters.JUnitReportReporter -->
<testsuite hostname="Lenovo-T16" failures="0" tests="1" name="testCases.ExecuteTestZaleniumFirefox2" time="14.304" errors="0" timestamp="2023-11-24T22:19:18 CET" skipped="0">
  <testcase classname="testCases.ExecuteTestZaleniumFirefox2" name="test1" time="14.304"/>
</testsuite> <!-- testCases.ExecuteTestZaleniumFirefox2 -->
