<?xml version="1.0" encoding="UTF-8"?>
<!-- Generated by org.testng.reporters.JUnitReportReporter -->
<testsuite hostname="Lenovo-T16" failures="0" tests="1" name="testCases.ExecuteTestZaleniumFirefox1" time="7.908" errors="0" timestamp="2023-11-24T22:19:18 CET" skipped="0">
  <testcase classname="testCases.ExecuteTestZaleniumFirefox1" name="test1" time="7.908"/>
</testsuite> <!-- testCases.ExecuteTestZaleniumFirefox1 -->
